{"/Users/Belka/RS/custom-lodash/src/arrays/find.js": {"path":"/Users/Belka/RS/custom-lodash/src/arrays/find.js","statementMap":{"0":{"start":{"line":2,"column":21},"end":{"line":2,"column":26}},"1":{"start":{"line":3,"column":2},"end":{"line":8,"column":3}},"2":{"start":{"line":3,"column":19},"end":{"line":3,"column":20}},"3":{"start":{"line":4,"column":18},"end":{"line":4,"column":30}},"4":{"start":{"line":5,"column":4},"end":{"line":7,"column":5}},"5":{"start":{"line":6,"column":6},"end":{"line":6,"column":26}},"6":{"start":{"line":9,"column":2},"end":{"line":9,"column":19}},"7":{"start":{"line":12,"column":0},"end":{"line":12,"column":22}}},"fnMap":{"0":{"name":"find","decl":{"start":{"line":1,"column":9},"end":{"line":1,"column":13}},"loc":{"start":{"line":1,"column":31},"end":{"line":10,"column":1}},"line":1}},"branchMap":{"0":{"loc":{"start":{"line":5,"column":4},"end":{"line":7,"column":5}},"type":"if","locations":[{"start":{"line":5,"column":4},"end":{"line":7,"column":5}},{"start":{"line":5,"column":4},"end":{"line":7,"column":5}}],"line":5}},"s":{"0":0,"1":0,"2":0,"3":0,"4":0,"5":0,"6":0,"7":1},"f":{"0":0},"b":{"0":[0,0]},"_coverageSchema":"1a1c01bbd47fc00a2c39e90264f33305004495a9","hash":"3291be39f0cd23a9741441c4361afd9d306136bd"}
,"/Users/Belka/RS/custom-lodash/src/arrays/includes.js": {"path":"/Users/Belka/RS/custom-lodash/src/arrays/includes.js","statementMap":{"0":{"start":{"line":2,"column":21},"end":{"line":2,"column":26}},"1":{"start":{"line":3,"column":2},"end":{"line":8,"column":3}},"2":{"start":{"line":3,"column":19},"end":{"line":3,"column":20}},"3":{"start":{"line":4,"column":18},"end":{"line":4,"column":30}},"4":{"start":{"line":5,"column":4},"end":{"line":7,"column":5}},"5":{"start":{"line":6,"column":6},"end":{"line":6,"column":18}},"6":{"start":{"line":9,"column":2},"end":{"line":9,"column":15}},"7":{"start":{"line":12,"column":0},"end":{"line":12,"column":26}}},"fnMap":{"0":{"name":"includes","decl":{"start":{"line":1,"column":9},"end":{"line":1,"column":17}},"loc":{"start":{"line":1,"column":40},"end":{"line":10,"column":1}},"line":1}},"branchMap":{"0":{"loc":{"start":{"line":5,"column":4},"end":{"line":7,"column":5}},"type":"if","locations":[{"start":{"line":5,"column":4},"end":{"line":7,"column":5}},{"start":{"line":5,"column":4},"end":{"line":7,"column":5}}],"line":5}},"s":{"0":0,"1":0,"2":0,"3":0,"4":0,"5":0,"6":0,"7":1},"f":{"0":0},"b":{"0":[0,0]},"_coverageSchema":"1a1c01bbd47fc00a2c39e90264f33305004495a9","hash":"d3092f83105160d9bf1821e0e59a39a85a4bbe00"}
,"/Users/Belka/RS/custom-lodash/src/arrays/map.js": {"path":"/Users/Belka/RS/custom-lodash/src/arrays/map.js","statementMap":{"0":{"start":{"line":2,"column":17},"end":{"line":2,"column":19}},"1":{"start":{"line":3,"column":21},"end":{"line":3,"column":26}},"2":{"start":{"line":4,"column":2},"end":{"line":7,"column":3}},"3":{"start":{"line":4,"column":19},"end":{"line":4,"column":20}},"4":{"start":{"line":5,"column":18},"end":{"line":5,"column":30}},"5":{"start":{"line":6,"column":4},"end":{"line":6,"column":50}},"6":{"start":{"line":8,"column":2},"end":{"line":8,"column":16}},"7":{"start":{"line":11,"column":0},"end":{"line":11,"column":21}}},"fnMap":{"0":{"name":"map","decl":{"start":{"line":1,"column":9},"end":{"line":1,"column":12}},"loc":{"start":{"line":1,"column":30},"end":{"line":9,"column":1}},"line":1}},"branchMap":{},"s":{"0":0,"1":0,"2":0,"3":0,"4":0,"5":0,"6":0,"7":2},"f":{"0":0},"b":{},"_coverageSchema":"1a1c01bbd47fc00a2c39e90264f33305004495a9","hash":"043380699f44e50bcb89c61fc176c6e4c49a978d"}
,"/Users/Belka/RS/custom-lodash/src/arrays/take.js": {"path":"/Users/Belka/RS/custom-lodash/src/arrays/take.js","statementMap":{"0":{"start":{"line":2,"column":2},"end":{"line":4,"column":3}},"1":{"start":{"line":3,"column":4},"end":{"line":3,"column":29}},"2":{"start":{"line":5,"column":2},"end":{"line":5,"column":29}},"3":{"start":{"line":8,"column":0},"end":{"line":8,"column":22}}},"fnMap":{"0":{"name":"take","decl":{"start":{"line":1,"column":9},"end":{"line":1,"column":13}},"loc":{"start":{"line":1,"column":26},"end":{"line":6,"column":1}},"line":1}},"branchMap":{"0":{"loc":{"start":{"line":2,"column":2},"end":{"line":4,"column":3}},"type":"if","locations":[{"start":{"line":2,"column":2},"end":{"line":4,"column":3}},{"start":{"line":2,"column":2},"end":{"line":4,"column":3}}],"line":2}},"s":{"0":3,"1":1,"2":2,"3":1},"f":{"0":3},"b":{"0":[1,2]},"_coverageSchema":"1a1c01bbd47fc00a2c39e90264f33305004495a9","hash":"fc27023c29519788f712f0fb1d6cf9db30dc0677"}
,"/Users/Belka/RS/custom-lodash/src/arrays/zip.js": {"path":"/Users/Belka/RS/custom-lodash/src/arrays/zip.js","statementMap":{"0":{"start":{"line":2,"column":17},"end":{"line":2,"column":61}},"1":{"start":{"line":2,"column":49},"end":{"line":2,"column":59}},"2":{"start":{"line":3,"column":34},"end":{"line":3,"column":40}},"3":{"start":{"line":4,"column":2},"end":{"line":6,"column":4}},"4":{"start":{"line":5,"column":16},"end":{"line":5,"column":55}},"5":{"start":{"line":5,"column":47},"end":{"line":5,"column":53}},"6":{"start":{"line":9,"column":0},"end":{"line":9,"column":21}}},"fnMap":{"0":{"name":"zip","decl":{"start":{"line":1,"column":9},"end":{"line":1,"column":12}},"loc":{"start":{"line":1,"column":24},"end":{"line":7,"column":1}},"line":1},"1":{"name":"(anonymous_1)","decl":{"start":{"line":2,"column":40},"end":{"line":2,"column":41}},"loc":{"start":{"line":2,"column":49},"end":{"line":2,"column":59}},"line":2},"2":{"name":"(anonymous_2)","decl":{"start":{"line":5,"column":4},"end":{"line":5,"column":5}},"loc":{"start":{"line":5,"column":16},"end":{"line":5,"column":55}},"line":5},"3":{"name":"(anonymous_3)","decl":{"start":{"line":5,"column":38},"end":{"line":5,"column":39}},"loc":{"start":{"line":5,"column":47},"end":{"line":5,"column":53}},"line":5}},"branchMap":{},"s":{"0":1,"1":3,"2":1,"3":1,"4":2,"5":4,"6":1},"f":{"0":1,"1":3,"2":2,"3":4},"b":{},"_coverageSchema":"1a1c01bbd47fc00a2c39e90264f33305004495a9","hash":"5f74c317e970546c0e6af8cfb954b257c0deac41"}
}
