TN:
SF:src/arrays/find.js
FN:1,find
FNF:1
FNH:0
FNDA:0,find
DA:2,0
DA:3,0
DA:4,0
DA:5,0
DA:6,0
DA:9,0
DA:12,1
LF:7
LH:1
BRDA:5,0,0,0
BRDA:5,0,1,0
BRF:2
BRH:0
end_of_record
TN:
SF:src/arrays/includes.js
FN:1,includes
FNF:1
FNH:0
FNDA:0,includes
DA:2,0
DA:3,0
DA:4,0
DA:5,0
DA:6,0
DA:9,0
DA:12,1
LF:7
LH:1
BRDA:5,0,0,0
BRDA:5,0,1,0
BRF:2
BRH:0
end_of_record
TN:
SF:src/arrays/map.js
FN:1,map
FNF:1
FNH:0
FNDA:0,map
DA:2,0
DA:3,0
DA:4,0
DA:5,0
DA:6,0
DA:8,0
DA:11,2
LF:7
LH:1
BRF:0
BRH:0
end_of_record
TN:
SF:src/arrays/take.js
FN:1,take
FNF:1
FNH:1
FNDA:3,take
DA:2,3
DA:3,1
DA:5,2
DA:8,1
LF:4
LH:4
BRDA:2,0,0,1
BRDA:2,0,1,2
BRF:2
BRH:2
end_of_record
TN:
SF:src/arrays/zip.js
FN:1,zip
FN:2,(anonymous_1)
FN:5,(anonymous_2)
FN:5,(anonymous_3)
FNF:4
FNH:4
FNDA:1,zip
FNDA:3,(anonymous_1)
FNDA:2,(anonymous_2)
FNDA:4,(anonymous_3)
DA:2,3
DA:3,1
DA:4,1
DA:5,4
DA:9,1
LF:5
LH:5
BRF:0
BRH:0
end_of_record
