TN:
SF:src/arrays/chunk.js
FN:1,chunk
FNF:1
FNH:1
FNDA:1,chunk
DA:2,1
DA:3,1
DA:4,3
DA:6,1
DA:9,1
LF:5
LH:5
BRF:0
BRH:0
end_of_record
TN:
SF:src/arrays/compact.js
FN:1,compact
FNF:1
FNH:1
FNDA:1,compact
DA:2,1
DA:5,1
LF:2
LH:2
BRF:0
BRH:0
end_of_record
TN:
SF:src/arrays/drop.js
FN:1,drop
FNF:1
FNH:1
FNDA:4,drop
DA:2,4
DA:3,1
DA:4,1
DA:6,3
DA:7,1
DA:9,2
DA:10,2
DA:13,1
LF:8
LH:8
BRDA:2,0,0,1
BRDA:2,0,1,3
BRDA:6,1,0,1
BRDA:6,1,1,2
BRF:4
BRH:4
end_of_record
TN:
SF:src/arrays/find.js
FN:1,find
FNF:1
FNH:1
FNDA:2,find
DA:2,2
DA:3,2
DA:4,9
DA:5,9
DA:6,1
DA:9,1
DA:12,1
LF:7
LH:7
BRDA:5,0,0,1
BRDA:5,0,1,8
BRF:2
BRH:2
end_of_record
TN:
SF:src/arrays/includes.js
FN:1,includes
FNF:1
FNH:1
FNDA:2,includes
DA:2,2
DA:3,2
DA:4,6
DA:5,6
DA:6,1
DA:9,1
DA:12,1
LF:7
LH:7
BRDA:5,0,0,1
BRDA:5,0,1,5
BRF:2
BRH:2
end_of_record
TN:
SF:src/arrays/map.js
FN:1,map
FNF:1
FNH:1
FNDA:1,map
DA:2,1
DA:3,1
DA:4,1
DA:5,3
DA:6,3
DA:8,1
DA:11,2
LF:7
LH:7
BRF:0
BRH:0
end_of_record
TN:
SF:src/arrays/take.js
FN:1,take
FNF:1
FNH:1
FNDA:3,take
DA:2,3
DA:3,1
DA:5,2
DA:8,1
LF:4
LH:4
BRDA:2,0,0,1
BRDA:2,0,1,2
BRF:2
BRH:2
end_of_record
TN:
SF:src/arrays/zip.js
FN:1,zip
FN:2,(anonymous_1)
FN:5,(anonymous_2)
FN:5,(anonymous_3)
FNF:4
FNH:4
FNDA:1,zip
FNDA:3,(anonymous_1)
FNDA:2,(anonymous_2)
FNDA:4,(anonymous_3)
DA:2,3
DA:3,1
DA:4,1
DA:5,4
DA:9,1
LF:5
LH:5
BRF:0
BRH:0
end_of_record
TN:
SF:src/objects/omit.js
FN:1,omit
FN:3,(anonymous_1)
FNF:2
FNH:2
FNDA:1,omit
FNDA:3,(anonymous_1)
DA:2,1
DA:3,1
DA:4,3
DA:6,1
DA:9,1
LF:5
LH:5
BRF:0
BRH:0
end_of_record
TN:
SF:src/objects/omitBy.js
FN:1,filter
FN:6,(anonymous_1)
FN:6,(anonymous_2)
FNF:3
FNH:3
FNDA:1,filter
FNDA:1,(anonymous_1)
FNDA:5,(anonymous_2)
DA:2,1
DA:3,1
DA:6,5
DA:8,1
LF:4
LH:4
BRF:0
BRH:0
end_of_record
TN:
SF:src/objects/pick.js
FN:2,pick
FNF:1
FNH:1
FNDA:1,pick
DA:3,1
DA:4,1
DA:5,1
DA:6,3
DA:7,2
DA:10,1
DA:13,1
LF:7
LH:7
BRDA:6,0,0,2
BRDA:6,0,1,1
BRF:2
BRH:2
end_of_record
TN:
SF:src/objects/pickBy.js
FN:1,filter
FN:6,(anonymous_1)
FN:6,(anonymous_2)
FNF:3
FNH:3
FNDA:1,filter
FNDA:1,(anonymous_1)
FNDA:5,(anonymous_2)
DA:2,1
DA:3,1
DA:6,5
DA:8,1
LF:4
LH:4
BRF:0
BRH:0
end_of_record
